<?xml version="1.0" encoding="UTF-8"?>
<!-- Generated by org.testng.reporters.JUnitXMLReporter -->
<testsuite hostname="DESKTOP-3OR8M0T" ignored="0" name="Test" tests="3" failures="0" timestamp="13 Apr 2019 16:13:06 GMT" time="141.679" errors="0">
  <testcase name="baseNavigation" time="17.702" classname="Application.validateNavigationBar"/>
  <testcase name="baseNavigation" time="39.826" classname="Application.HomePage"/>
  <testcase name="baseNavigation" time="45.405" classname="Application.HomePage"/>
</testsuite> <!-- Test -->
