<?xml version="1.0" encoding="UTF-8"?>
<!-- Generated by org.testng.reporters.JUnitXMLReporter -->
<testsuite hostname="DESKTOP-3OR8M0T" name="Test" tests="3" failures="0" timestamp="13 Apr 2019 13:51:30 GMT" time="82.061" errors="0">
  <testcase name="baseNavigation" time="3.816" classname="Application.validateNavigationBar"/>
  <testcase name="baseNavigation" time="30.69" classname="Application.HomePage"/>
  <testcase name="baseNavigation" time="29.215" classname="Application.HomePage"/>
</testsuite> <!-- Test -->
